TN:
SF:controllers\authController.js
FN:7,(anonymous_0)
FN:66,(anonymous_1)
FN:120,(anonymous_2)
FN:158,(anonymous_3)
FN:168,(anonymous_4)
FN:203,(anonymous_5)
FN:220,(anonymous_6)
FN:239,(anonymous_7)
FNF:8
FNH:0
FNDA:0,(anonymous_0)
FNDA:0,(anonymous_1)
FNDA:0,(anonymous_2)
FNDA:0,(anonymous_3)
FNDA:0,(anonymous_4)
FNDA:0,(anonymous_5)
FNDA:0,(anonymous_6)
FNDA:0,(anonymous_7)
DA:7,0
DA:8,0
DA:9,0
DA:11,0
DA:12,0
DA:14,0
DA:15,0
DA:17,0
DA:18,0
DA:20,0
DA:21,0
DA:23,0
DA:24,0
DA:26,0
DA:27,0
DA:30,0
DA:32,0
DA:33,0
DA:39,0
DA:41,0
DA:50,0
DA:56,0
DA:57,0
DA:66,0
DA:67,0
DA:68,0
DA:70,0
DA:71,0
DA:77,0
DA:78,0
DA:79,0
DA:84,0
DA:85,0
DA:86,0
DA:92,0
DA:95,0
DA:109,0
DA:110,0
DA:120,0
DA:121,0
DA:122,0
DA:123,0
DA:124,0
DA:126,0
DA:127,0
DA:129,0
DA:130,0
DA:133,0
DA:135,0
DA:136,0
DA:141,0
DA:142,0
DA:143,0
DA:148,0
DA:149,0
DA:158,0
DA:159,0
DA:160,0
DA:162,0
DA:163,0
DA:168,0
DA:169,0
DA:170,0
DA:171,0
DA:173,0
DA:174,0
DA:176,0
DA:177,0
DA:187,0
DA:193,0
DA:194,0
DA:203,0
DA:204,0
DA:205,0
DA:209,0
DA:211,0
DA:212,0
DA:220,0
DA:221,0
DA:222,0
DA:227,0
DA:229,0
DA:230,0
DA:239,0
DA:240,0
DA:241,0
DA:242,0
DA:243,0
DA:248,0
DA:250,0
DA:251,0
LF:91
LH:0
BRDA:11,0,0,0
BRDA:11,0,1,0
BRDA:14,1,0,0
BRDA:14,1,1,0
BRDA:17,2,0,0
BRDA:17,2,1,0
BRDA:20,3,0,0
BRDA:20,3,1,0
BRDA:23,4,0,0
BRDA:23,4,1,0
BRDA:26,5,0,0
BRDA:26,5,1,0
BRDA:32,6,0,0
BRDA:32,6,1,0
BRDA:70,7,0,0
BRDA:70,7,1,0
BRDA:70,8,0,0
BRDA:70,8,1,0
BRDA:78,9,0,0
BRDA:78,9,1,0
BRDA:85,10,0,0
BRDA:85,10,1,0
BRDA:123,11,0,0
BRDA:123,11,1,0
BRDA:126,12,0,0
BRDA:126,12,1,0
BRDA:129,13,0,0
BRDA:129,13,1,0
BRDA:135,14,0,0
BRDA:135,14,1,0
BRDA:173,15,0,0
BRDA:173,15,1,0
BRDA:173,16,0,0
BRDA:173,16,1,0
BRDA:176,17,0,0
BRDA:176,17,1,0
BRDA:180,18,0,0
BRDA:180,18,1,0
BRDA:181,19,0,0
BRDA:181,19,1,0
BRDA:182,20,0,0
BRDA:182,20,1,0
BRDA:183,21,0,0
BRDA:183,21,1,0
BRF:44
BRH:0
end_of_record
TN:
SF:controllers\categoryController.js
FN:3,(anonymous_0)
FN:36,(anonymous_1)
FN:61,(anonymous_2)
FN:80,(anonymous_3)
FN:99,(anonymous_4)
FNF:5
FNH:0
FNDA:0,(anonymous_0)
FNDA:0,(anonymous_1)
FNDA:0,(anonymous_2)
FNDA:0,(anonymous_3)
FNDA:0,(anonymous_4)
DA:3,0
DA:4,0
DA:5,0
DA:6,0
DA:7,0
DA:9,0
DA:10,0
DA:11,0
DA:16,0
DA:20,0
DA:26,0
DA:27,0
DA:36,0
DA:37,0
DA:38,0
DA:39,0
DA:40,0
DA:45,0
DA:51,0
DA:52,0
DA:61,0
DA:62,0
DA:63,0
DA:64,0
DA:70,0
DA:71,0
DA:80,0
DA:81,0
DA:82,0
DA:83,0
DA:89,0
DA:90,0
DA:99,0
DA:100,0
DA:101,0
DA:102,0
DA:103,0
DA:108,0
DA:109,0
LF:39
LH:0
BRDA:6,0,0,0
BRDA:6,0,1,0
BRDA:10,1,0,0
BRDA:10,1,1,0
BRF:4
BRH:0
end_of_record
TN:
SF:controllers\productController.js
FN:20,(anonymous_0)
FN:63,(anonymous_1)
FN:86,(anonymous_2)
FN:107,(anonymous_3)
FN:124,(anonymous_4)
FN:141,(anonymous_5)
FN:190,(anonymous_6)
FN:212,(anonymous_7)
FN:230,(anonymous_8)
FN:255,(anonymous_9)
FN:278,(anonymous_10)
FN:304,(anonymous_11)
FN:325,(anonymous_12)
FN:327,(anonymous_13)
FN:340,(anonymous_14)
FN:344,(anonymous_15)
FN:355,(anonymous_16)
FNF:17
FNH:12
FNDA:8,(anonymous_0)
FNDA:2,(anonymous_1)
FNDA:2,(anonymous_2)
FNDA:2,(anonymous_3)
FNDA:2,(anonymous_4)
FNDA:8,(anonymous_5)
FNDA:5,(anonymous_6)
FNDA:2,(anonymous_7)
FNDA:3,(anonymous_8)
FNDA:3,(anonymous_9)
FNDA:3,(anonymous_10)
FNDA:3,(anonymous_11)
FNDA:0,(anonymous_12)
FNDA:0,(anonymous_13)
FNDA:0,(anonymous_14)
FNDA:0,(anonymous_15)
FNDA:0,(anonymous_16)
DA:10,1
DA:13,1
DA:20,1
DA:21,8
DA:23,8
DA:24,8
DA:26,8
DA:28,1
DA:30,1
DA:32,1
DA:34,1
DA:36,1
DA:38,1
DA:43,2
DA:44,2
DA:45,2
DA:46,1
DA:48,1
DA:49,1
DA:55,1
DA:63,1
DA:64,2
DA:65,2
DA:71,1
DA:78,1
DA:86,1
DA:87,2
DA:88,2
DA:92,1
DA:98,1
DA:107,1
DA:108,2
DA:109,2
DA:110,1
DA:111,1
DA:112,1
DA:115,1
DA:124,1
DA:125,2
DA:126,2
DA:127,1
DA:132,1
DA:141,1
DA:142,8
DA:144,8
DA:145,8
DA:147,8
DA:149,1
DA:151,1
DA:153,1
DA:155,1
DA:157,1
DA:159,1
DA:164,2
DA:169,1
DA:170,1
DA:171,1
DA:173,1
DA:174,1
DA:180,1
DA:181,1
DA:190,1
DA:191,5
DA:192,5
DA:193,5
DA:194,5
DA:195,5
DA:196,5
DA:197,4
DA:202,1
DA:203,1
DA:212,1
DA:213,2
DA:214,2
DA:215,1
DA:220,1
DA:221,1
DA:230,1
DA:231,3
DA:232,3
DA:233,3
DA:234,3
DA:240,2
DA:245,1
DA:246,1
DA:255,1
DA:256,3
DA:257,3
DA:258,3
DA:266,2
DA:268,1
DA:269,1
DA:278,1
DA:279,3
DA:280,3
DA:281,3
DA:289,2
DA:294,1
DA:295,1
DA:304,1
DA:305,3
DA:306,3
DA:307,2
DA:308,2
DA:314,1
DA:315,1
DA:325,1
DA:326,0
DA:327,0
DA:328,0
DA:329,0
DA:331,0
DA:335,0
DA:340,1
DA:341,0
DA:342,0
DA:343,0
DA:344,0
DA:345,0
DA:347,0
DA:356,0
DA:357,0
DA:362,0
DA:364,0
DA:369,0
LF:125
LH:108
BRDA:26,0,0,1
BRDA:26,0,1,1
BRDA:26,0,2,1
BRDA:26,0,3,1
BRDA:26,0,4,1
BRDA:26,0,5,1
BRDA:37,1,0,3
BRDA:37,1,1,3
BRDA:44,2,0,2
BRDA:44,2,1,0
BRDA:110,3,0,1
BRDA:110,3,1,0
BRDA:147,4,0,1
BRDA:147,4,1,1
BRDA:147,4,2,1
BRDA:147,4,3,1
BRDA:147,4,4,1
BRDA:147,4,5,1
BRDA:158,5,0,3
BRDA:158,5,1,2
BRDA:169,6,0,1
BRDA:169,6,1,0
BRDA:194,7,0,3
BRDA:194,7,1,2
BRDA:195,8,0,3
BRDA:195,8,1,2
BRDA:233,9,0,2
BRDA:233,9,1,1
BRDA:328,10,0,0
BRDA:328,10,1,0
BRDA:356,11,0,0
BRDA:356,11,1,0
BRF:32
BRH:25
end_of_record
